<?xml version="1.0" encoding="UTF-8"?>
<!-- Generated by org.testng.reporters.JUnitReportReporter -->
<testsuite hostname="Elvin-PC" failures="0" tests="1" name="test.Tecovas_Test" time="54.889" errors="0" timestamp="2023-10-23T19:41:16 IST" skipped="0">
  <testcase classname="test.Tecovas_Test" name="test" time="54.889"/>
</testsuite> <!-- test.Tecovas_Test -->
